D:\C++VS2012\KELEY\TEXTUREMERGE\TEXTUREMERGE\DEBUG\TEST.OBJ
D:\C++VS2012\KELEY\TEXTUREMERGE\TEXTUREMERGE\DEBUG\TEXTUREMERGE.OBJ
D:\C++VS2012\KELEY\TEXTUREMERGE\TEXTUREMERGE\DEBUG\VC110.PDB
D:\C++VS2012\KELEY\TEXTUREMERGE\DEBUG\TEXTUREMERGE.ILK
D:\C++VS2012\KELEY\TEXTUREMERGE\DEBUG\TEXTUREMERGE.EXE
D:\C++VS2012\KELEY\TEXTUREMERGE\DEBUG\TEXTUREMERGE.PDB
D:\C++VS2012\keley\TextureMerge\TextureMerge\Debug\Test.obj
D:\C++VS2012\keley\TextureMerge\TextureMerge\Debug\TextureMerge.obj
D:\C++VS2012\keley\TextureMerge\TextureMerge\Debug\cl.command.1.tlog
D:\C++VS2012\keley\TextureMerge\TextureMerge\Debug\CL.read.1.tlog
D:\C++VS2012\keley\TextureMerge\TextureMerge\Debug\CL.write.1.tlog
D:\C++VS2012\keley\TextureMerge\TextureMerge\Debug\link-cvtres.read.1.tlog
D:\C++VS2012\keley\TextureMerge\TextureMerge\Debug\link-cvtres.write.1.tlog
D:\C++VS2012\keley\TextureMerge\TextureMerge\Debug\link-rc.read.1.tlog
D:\C++VS2012\keley\TextureMerge\TextureMerge\Debug\link-rc.write.1.tlog
D:\C++VS2012\keley\TextureMerge\TextureMerge\Debug\link.command.1.tlog
D:\C++VS2012\keley\TextureMerge\TextureMerge\Debug\link.read.1.tlog
D:\C++VS2012\keley\TextureMerge\TextureMerge\Debug\link.write.1.tlog
D:\C++VS2012\keley\TextureMerge\TextureMerge\Debug\vc110.idb
D:\C++VS2012\keley\TextureMerge\TextureMerge\Debug\vc110.pdb
D:\C++VS2012\keley\TextureMerge\Debug\TextureMerge.pdb
D:\C++VS2012\keley\TextureMerge\Debug\TextureMerge.exe
D:\C++VS2012\keley\TextureMerge\Debug\TextureMerge.ilk
