D:\C++VS2012\PROJECTS2\TEXTUREMERGE\TEXTUREMERGE\RELEASE\TEXTUREMERGE.OBJ
D:\C++VS2012\PROJECTS2\TEXTUREMERGE\TEXTUREMERGE\RELEASE\TEST.OBJ
D:\C++VS2012\PROJECTS2\TEXTUREMERGE\TEXTUREMERGE\RELEASE\VC110.PDB
D:\C++VS2012\PROJECTS2\TEXTUREMERGE\RELEASE\TEXTUREMERGE.EXE
D:\C++VS2012\PROJECTS2\TEXTUREMERGE\RELEASE\TEXTUREMERGE.PDB
D:\C++VS2012\Projects2\TextureMerge\TextureMerge\Release\Test.obj
D:\C++VS2012\Projects2\TextureMerge\TextureMerge\Release\TextureMerge.obj
D:\C++VS2012\Projects2\TextureMerge\TextureMerge\Release\cl.command.1.tlog
D:\C++VS2012\Projects2\TextureMerge\TextureMerge\Release\CL.read.1.tlog
D:\C++VS2012\Projects2\TextureMerge\TextureMerge\Release\CL.write.1.tlog
D:\C++VS2012\Projects2\TextureMerge\TextureMerge\Release\link-cvtres.read.1.tlog
D:\C++VS2012\Projects2\TextureMerge\TextureMerge\Release\link-cvtres.write.1.tlog
D:\C++VS2012\Projects2\TextureMerge\TextureMerge\Release\link-rc.read.1.tlog
D:\C++VS2012\Projects2\TextureMerge\TextureMerge\Release\link-rc.write.1.tlog
D:\C++VS2012\Projects2\TextureMerge\TextureMerge\Release\link.command.1.tlog
D:\C++VS2012\Projects2\TextureMerge\TextureMerge\Release\link.read.1.tlog
D:\C++VS2012\Projects2\TextureMerge\TextureMerge\Release\link.write.1.tlog
D:\C++VS2012\Projects2\TextureMerge\TextureMerge\Release\vc110.pdb
D:\C++VS2012\Projects2\TextureMerge\Release\TextureMerge.pdb
D:\C++VS2012\Projects2\TextureMerge\Release\TextureMerge.exe
