Build started 2015/9/7 11:18:05.
     1>Project "D:\C++VS2012\Projects2\TextureMerge\TextureMerge\TextureMerge.vcxproj" on node 2 (Rebuild target(s)).
     1>ClCompile:
         D:\Program Files\Microsoft Visual Studio 11.0\VC\bin\CL.exe /c /Zi /nologo /W3 /WX- /O2 /Oi /Oy- /GL /D WIN32 /D NDEBUG /D _CONSOLE /D _UNICODE /D UNICODE /Gm- /EHsc /MD /GS /Gy /fp:precise /Zc:wchar_t /Zc:forScope /Fo"Release\\" /Fd"Release\vc110.pdb" /Gd /TP /analyze- /errorReport:prompt Test.cpp TextureMerge.cpp
         Test.cpp
     1>d:\c++vs2012\projects2\texturemerge\texturemerge\../inc/FreeImage.h : warning C4819: The file contains a character that cannot be represented in the current code page (936). Save the file in Unicode format to prevent data loss
         TextureMerge.cpp
     1>d:\c++vs2012\projects2\texturemerge\texturemerge\../inc/FreeImage.h : warning C4819: The file contains a character that cannot be represented in the current code page (936). Save the file in Unicode format to prevent data loss
     1>TextureMerge.cpp(25): warning C4018: '<' : signed/unsigned mismatch
     1>TextureMerge.cpp(46): warning C4018: '>' : signed/unsigned mismatch
     1>TextureMerge.cpp(57): warning C4018: '<' : signed/unsigned mismatch
     1>TextureMerge.cpp(58): warning C4018: '<' : signed/unsigned mismatch
     1>TextureMerge.cpp(93): warning C4018: '<' : signed/unsigned mismatch
     1>TextureMerge.cpp(153): warning C4244: '=' : conversion from 'float' to 'int', possible loss of data
     1>TextureMerge.cpp(154): warning C4244: '=' : conversion from 'float' to 'int', possible loss of data
     1>TextureMerge.cpp(344): warning C4018: '<' : signed/unsigned mismatch
     1>TextureMerge.cpp(348): warning C4018: '>' : signed/unsigned mismatch
     1>TextureMerge.cpp(429): warning C4018: '<' : signed/unsigned mismatch
     1>TextureMerge.cpp(433): warning C4018: '<' : signed/unsigned mismatch
     1>TextureMerge.cpp(449): warning C4018: '<' : signed/unsigned mismatch
     1>TextureMerge.cpp(454): warning C4018: '<' : signed/unsigned mismatch
     1>TextureMerge.cpp(455): warning C4018: '<' : signed/unsigned mismatch
       Link:
         D:\Program Files\Microsoft Visual Studio 11.0\VC\bin\link.exe /ERRORREPORT:PROMPT /OUT:"D:\C++VS2012\Projects2\TextureMerge\Release\TextureMerge.exe" /INCREMENTAL:NO /NOLOGO kernel32.lib user32.lib gdi32.lib winspool.lib comdlg32.lib advapi32.lib shell32.lib ole32.lib oleaut32.lib uuid.lib odbc32.lib odbccp32.lib /MANIFEST /MANIFESTUAC:"level='asInvoker' uiAccess='false'" /manifest:embed /DEBUG /PDB:"D:\C++VS2012\Projects2\TextureMerge\Release\TextureMerge.pdb" /SUBSYSTEM:CONSOLE /OPT:REF /OPT:ICF /LTCG /TLBID:1 /DYNAMICBASE /NXCOMPAT /IMPLIB:"D:\C++VS2012\Projects2\TextureMerge\Release\TextureMerge.lib" /MACHINE:X86 /SAFESEH Release\Test.obj
         Release\TextureMerge.obj
         Generating code
         Finished generating code
         TextureMerge.vcxproj -> D:\C++VS2012\Projects2\TextureMerge\Release\TextureMerge.exe
     1>Done Building Project "D:\C++VS2012\Projects2\TextureMerge\TextureMerge\TextureMerge.vcxproj" (Rebuild target(s)).

Build succeeded.

Time Elapsed 00:00:04.27
